<?xml version="1.0" encoding="UTF-8"?>
<!-- Generated by org.testng.reporters.JUnitReportReporter -->
<testsuite hostname="DESKTOP-EN7OCB0" failures="0" tests="3" name="runners.TestRunner" time="33.708" errors="0" timestamp="2025-08-20T09:59:22 IST" skipped="0">
  <testcase classname="runners.TestRunner" name="runScenario" time="4.564"/>
  <testcase classname="runners.TestRunner" name="runScenario" time="24.350"/>
  <testcase classname="runners.TestRunner" name="runScenario" time="4.794"/>
</testsuite> <!-- runners.TestRunner -->
